GAS LISTING /tmp/cc1feOv9.s 			page 1


   1               		.file	"crc16.c"
   2               	__SP_H__ = 0x3e
   3               	__SP_L__ = 0x3d
   4               	__SREG__ = 0x3f
   5               	__tmp_reg__ = 0
   6               	__zero_reg__ = 1
   7               		.text
   8               	.Ltext0:
   9               		.cfi_sections	.debug_frame
  10               		.section	.text.crc16_calc,"ax",@progbits
  11               	.global	crc16_calc
  12               		.type	crc16_calc, @function
  13               	crc16_calc:
  14               	.LFB0:
  15               		.file 1 "crc16.c"
   1:crc16.c       **** #include "crc16.h"
   2:crc16.c       **** 
   3:crc16.c       **** uint16_t crc16_calc(uint16_t initvalue, uint16_t mask, uint16_t length, \
   4:crc16.c       ****         uint8_t *buff){
  16               		.loc 1 4 0
  17               		.cfi_startproc
  18               	.LVL0:
  19               	/* prologue: function */
  20               	/* frame size = 0 */
  21               	/* stack size = 0 */
  22               	.L__stack_usage = 0
  23 0000 DB01      		movw r26,r22
  24               	.LVL1:
  25 0002 420F      		add r20,r18
  26 0004 531F      		adc r21,r19
  27               	.LVL2:
  28               	.L2:
   5:crc16.c       ****     uint16_t i, crc;
   6:crc16.c       ****     uint8_t j;
   7:crc16.c       **** 
   8:crc16.c       ****     crc = initvalue;
   9:crc16.c       ****     for(i=length;i>0;i--){
  29               		.loc 1 9 0 discriminator 1
  30 0006 2417      		cp r18,r20
  31 0008 3507      		cpc r19,r21
  32 000a 01F0      		breq .L9
  10:crc16.c       ****         crc = crc ^ *(buff+length-i);
  33               		.loc 1 10 0
  34 000c F901      		movw r30,r18
  35 000e 6191      		ld r22,Z+
  36 0010 9F01      		movw r18,r30
  37               	.LVL3:
  38 0012 8627      		eor r24,r22
  39               	.LVL4:
  40 0014 78E0      		ldi r23,lo8(8)
  41               	.LVL5:
  42               	.L5:
  43 0016 FC01      		movw r30,r24
  44 0018 F695      		lsr r31
  45 001a E795      		ror r30
  11:crc16.c       ****         for(j=8;j>0;j--){
  12:crc16.c       ****             if(crc & 1)
GAS LISTING /tmp/cc1feOv9.s 			page 2


  46               		.loc 1 12 0
  47 001c 80FF      		sbrs r24,0
  48 001e 00C0      		rjmp .L3
  13:crc16.c       ****                 crc = (crc >> 1) ^ mask;
  49               		.loc 1 13 0
  50 0020 CF01      		movw r24,r30
  51               	.LVL6:
  52 0022 8A27      		eor r24,r26
  53 0024 9B27      		eor r25,r27
  54               	.LVL7:
  55 0026 00C0      		rjmp .L4
  56               	.L3:
  14:crc16.c       ****             else
  15:crc16.c       ****                 crc >>= 1;
  57               		.loc 1 15 0
  58 0028 CF01      		movw r24,r30
  59               	.LVL8:
  60               	.L4:
  61 002a 7150      		subi r23,lo8(-(-1))
  62               	.LVL9:
  11:crc16.c       ****             if(crc & 1)
  63               		.loc 1 11 0 discriminator 2
  64 002c 01F4      		brne .L5
  65 002e 00C0      		rjmp .L2
  66               	.LVL10:
  67               	.L9:
  68               	/* epilogue start */
  16:crc16.c       ****         }
  17:crc16.c       ****     }
  18:crc16.c       ****     return crc;
  19:crc16.c       **** }
  69               		.loc 1 19 0
  70 0030 0895      		ret
  71               		.cfi_endproc
  72               	.LFE0:
  73               		.size	crc16_calc, .-crc16_calc
  74               		.text
  75               	.Letext0:
  76               		.file 2 "/usr/lib/gcc/avr/4.9.2/include/stdint-gcc.h"
  77               		.section	.debug_info,"",@progbits
  78               	.Ldebug_info0:
  79 0000 FE00 0000 		.long	0xfe
  80 0004 0200      		.word	0x2
  81 0006 0000 0000 		.long	.Ldebug_abbrev0
  82 000a 04        		.byte	0x4
  83 000b 01        		.uleb128 0x1
  84 000c 0000 0000 		.long	.LASF13
  85 0010 01        		.byte	0x1
  86 0011 0000 0000 		.long	.LASF14
  87 0015 0000 0000 		.long	.LASF15
  88 0019 0000 0000 		.long	.Ldebug_ranges0+0
  89 001d 0000 0000 		.long	0
  90 0021 0000 0000 		.long	0
  91 0025 0000 0000 		.long	.Ldebug_line0
  92 0029 02        		.uleb128 0x2
  93 002a 01        		.byte	0x1
  94 002b 06        		.byte	0x6
GAS LISTING /tmp/cc1feOv9.s 			page 3


  95 002c 0000 0000 		.long	.LASF0
  96 0030 03        		.uleb128 0x3
  97 0031 02        		.byte	0x2
  98 0032 05        		.byte	0x5
  99 0033 696E 7400 		.string	"int"
 100 0037 02        		.uleb128 0x2
 101 0038 04        		.byte	0x4
 102 0039 05        		.byte	0x5
 103 003a 0000 0000 		.long	.LASF1
 104 003e 02        		.uleb128 0x2
 105 003f 08        		.byte	0x8
 106 0040 05        		.byte	0x5
 107 0041 0000 0000 		.long	.LASF2
 108 0045 04        		.uleb128 0x4
 109 0046 0000 0000 		.long	.LASF4
 110 004a 02        		.byte	0x2
 111 004b 2E        		.byte	0x2e
 112 004c 5000 0000 		.long	0x50
 113 0050 02        		.uleb128 0x2
 114 0051 01        		.byte	0x1
 115 0052 08        		.byte	0x8
 116 0053 0000 0000 		.long	.LASF3
 117 0057 04        		.uleb128 0x4
 118 0058 0000 0000 		.long	.LASF5
 119 005c 02        		.byte	0x2
 120 005d 31        		.byte	0x31
 121 005e 6200 0000 		.long	0x62
 122 0062 02        		.uleb128 0x2
 123 0063 02        		.byte	0x2
 124 0064 07        		.byte	0x7
 125 0065 0000 0000 		.long	.LASF6
 126 0069 02        		.uleb128 0x2
 127 006a 04        		.byte	0x4
 128 006b 07        		.byte	0x7
 129 006c 0000 0000 		.long	.LASF7
 130 0070 02        		.uleb128 0x2
 131 0071 08        		.byte	0x8
 132 0072 07        		.byte	0x7
 133 0073 0000 0000 		.long	.LASF8
 134 0077 05        		.uleb128 0x5
 135 0078 01        		.byte	0x1
 136 0079 0000 0000 		.long	.LASF16
 137 007d 01        		.byte	0x1
 138 007e 03        		.byte	0x3
 139 007f 01        		.byte	0x1
 140 0080 5700 0000 		.long	0x57
 141 0084 0000 0000 		.long	.LFB0
 142 0088 0000 0000 		.long	.LFE0
 143 008c 03        		.byte	0x3
 144 008d 92        		.byte	0x92
 145 008e 20        		.uleb128 0x20
 146 008f 02        		.sleb128 2
 147 0090 01        		.byte	0x1
 148 0091 FB00 0000 		.long	0xfb
 149 0095 06        		.uleb128 0x6
 150 0096 0000 0000 		.long	.LASF9
 151 009a 01        		.byte	0x1
GAS LISTING /tmp/cc1feOv9.s 			page 4


 152 009b 03        		.byte	0x3
 153 009c 5700 0000 		.long	0x57
 154 00a0 0000 0000 		.long	.LLST0
 155 00a4 06        		.uleb128 0x6
 156 00a5 0000 0000 		.long	.LASF10
 157 00a9 01        		.byte	0x1
 158 00aa 03        		.byte	0x3
 159 00ab 5700 0000 		.long	0x57
 160 00af 0000 0000 		.long	.LLST1
 161 00b3 06        		.uleb128 0x6
 162 00b4 0000 0000 		.long	.LASF11
 163 00b8 01        		.byte	0x1
 164 00b9 03        		.byte	0x3
 165 00ba 5700 0000 		.long	0x57
 166 00be 0000 0000 		.long	.LLST2
 167 00c2 06        		.uleb128 0x6
 168 00c3 0000 0000 		.long	.LASF12
 169 00c7 01        		.byte	0x1
 170 00c8 04        		.byte	0x4
 171 00c9 FB00 0000 		.long	0xfb
 172 00cd 0000 0000 		.long	.LLST3
 173 00d1 07        		.uleb128 0x7
 174 00d2 6900      		.string	"i"
 175 00d4 01        		.byte	0x1
 176 00d5 05        		.byte	0x5
 177 00d6 5700 0000 		.long	0x57
 178 00da 0000 0000 		.long	.LLST4
 179 00de 07        		.uleb128 0x7
 180 00df 6372 6300 		.string	"crc"
 181 00e3 01        		.byte	0x1
 182 00e4 05        		.byte	0x5
 183 00e5 5700 0000 		.long	0x57
 184 00e9 0000 0000 		.long	.LLST5
 185 00ed 07        		.uleb128 0x7
 186 00ee 6A00      		.string	"j"
 187 00f0 01        		.byte	0x1
 188 00f1 06        		.byte	0x6
 189 00f2 4500 0000 		.long	0x45
 190 00f6 0000 0000 		.long	.LLST6
 191 00fa 00        		.byte	0
 192 00fb 08        		.uleb128 0x8
 193 00fc 02        		.byte	0x2
 194 00fd 4500 0000 		.long	0x45
 195 0101 00        		.byte	0
 196               		.section	.debug_abbrev,"",@progbits
 197               	.Ldebug_abbrev0:
 198 0000 01        		.uleb128 0x1
 199 0001 11        		.uleb128 0x11
 200 0002 01        		.byte	0x1
 201 0003 25        		.uleb128 0x25
 202 0004 0E        		.uleb128 0xe
 203 0005 13        		.uleb128 0x13
 204 0006 0B        		.uleb128 0xb
 205 0007 03        		.uleb128 0x3
 206 0008 0E        		.uleb128 0xe
 207 0009 1B        		.uleb128 0x1b
 208 000a 0E        		.uleb128 0xe
GAS LISTING /tmp/cc1feOv9.s 			page 5


 209 000b 55        		.uleb128 0x55
 210 000c 06        		.uleb128 0x6
 211 000d 11        		.uleb128 0x11
 212 000e 01        		.uleb128 0x1
 213 000f 52        		.uleb128 0x52
 214 0010 01        		.uleb128 0x1
 215 0011 10        		.uleb128 0x10
 216 0012 06        		.uleb128 0x6
 217 0013 00        		.byte	0
 218 0014 00        		.byte	0
 219 0015 02        		.uleb128 0x2
 220 0016 24        		.uleb128 0x24
 221 0017 00        		.byte	0
 222 0018 0B        		.uleb128 0xb
 223 0019 0B        		.uleb128 0xb
 224 001a 3E        		.uleb128 0x3e
 225 001b 0B        		.uleb128 0xb
 226 001c 03        		.uleb128 0x3
 227 001d 0E        		.uleb128 0xe
 228 001e 00        		.byte	0
 229 001f 00        		.byte	0
 230 0020 03        		.uleb128 0x3
 231 0021 24        		.uleb128 0x24
 232 0022 00        		.byte	0
 233 0023 0B        		.uleb128 0xb
 234 0024 0B        		.uleb128 0xb
 235 0025 3E        		.uleb128 0x3e
 236 0026 0B        		.uleb128 0xb
 237 0027 03        		.uleb128 0x3
 238 0028 08        		.uleb128 0x8
 239 0029 00        		.byte	0
 240 002a 00        		.byte	0
 241 002b 04        		.uleb128 0x4
 242 002c 16        		.uleb128 0x16
 243 002d 00        		.byte	0
 244 002e 03        		.uleb128 0x3
 245 002f 0E        		.uleb128 0xe
 246 0030 3A        		.uleb128 0x3a
 247 0031 0B        		.uleb128 0xb
 248 0032 3B        		.uleb128 0x3b
 249 0033 0B        		.uleb128 0xb
 250 0034 49        		.uleb128 0x49
 251 0035 13        		.uleb128 0x13
 252 0036 00        		.byte	0
 253 0037 00        		.byte	0
 254 0038 05        		.uleb128 0x5
 255 0039 2E        		.uleb128 0x2e
 256 003a 01        		.byte	0x1
 257 003b 3F        		.uleb128 0x3f
 258 003c 0C        		.uleb128 0xc
 259 003d 03        		.uleb128 0x3
 260 003e 0E        		.uleb128 0xe
 261 003f 3A        		.uleb128 0x3a
 262 0040 0B        		.uleb128 0xb
 263 0041 3B        		.uleb128 0x3b
 264 0042 0B        		.uleb128 0xb
 265 0043 27        		.uleb128 0x27
GAS LISTING /tmp/cc1feOv9.s 			page 6


 266 0044 0C        		.uleb128 0xc
 267 0045 49        		.uleb128 0x49
 268 0046 13        		.uleb128 0x13
 269 0047 11        		.uleb128 0x11
 270 0048 01        		.uleb128 0x1
 271 0049 12        		.uleb128 0x12
 272 004a 01        		.uleb128 0x1
 273 004b 40        		.uleb128 0x40
 274 004c 0A        		.uleb128 0xa
 275 004d 9742      		.uleb128 0x2117
 276 004f 0C        		.uleb128 0xc
 277 0050 01        		.uleb128 0x1
 278 0051 13        		.uleb128 0x13
 279 0052 00        		.byte	0
 280 0053 00        		.byte	0
 281 0054 06        		.uleb128 0x6
 282 0055 05        		.uleb128 0x5
 283 0056 00        		.byte	0
 284 0057 03        		.uleb128 0x3
 285 0058 0E        		.uleb128 0xe
 286 0059 3A        		.uleb128 0x3a
 287 005a 0B        		.uleb128 0xb
 288 005b 3B        		.uleb128 0x3b
 289 005c 0B        		.uleb128 0xb
 290 005d 49        		.uleb128 0x49
 291 005e 13        		.uleb128 0x13
 292 005f 02        		.uleb128 0x2
 293 0060 06        		.uleb128 0x6
 294 0061 00        		.byte	0
 295 0062 00        		.byte	0
 296 0063 07        		.uleb128 0x7
 297 0064 34        		.uleb128 0x34
 298 0065 00        		.byte	0
 299 0066 03        		.uleb128 0x3
 300 0067 08        		.uleb128 0x8
 301 0068 3A        		.uleb128 0x3a
 302 0069 0B        		.uleb128 0xb
 303 006a 3B        		.uleb128 0x3b
 304 006b 0B        		.uleb128 0xb
 305 006c 49        		.uleb128 0x49
 306 006d 13        		.uleb128 0x13
 307 006e 02        		.uleb128 0x2
 308 006f 06        		.uleb128 0x6
 309 0070 00        		.byte	0
 310 0071 00        		.byte	0
 311 0072 08        		.uleb128 0x8
 312 0073 0F        		.uleb128 0xf
 313 0074 00        		.byte	0
 314 0075 0B        		.uleb128 0xb
 315 0076 0B        		.uleb128 0xb
 316 0077 49        		.uleb128 0x49
 317 0078 13        		.uleb128 0x13
 318 0079 00        		.byte	0
 319 007a 00        		.byte	0
 320 007b 00        		.byte	0
 321               		.section	.debug_loc,"",@progbits
 322               	.Ldebug_loc0:
GAS LISTING /tmp/cc1feOv9.s 			page 7


 323               	.LLST0:
 324 0000 0000 0000 		.long	.LVL0
 325 0004 0000 0000 		.long	.LVL2
 326 0008 0600      		.word	0x6
 327 000a 68        		.byte	0x68
 328 000b 93        		.byte	0x93
 329 000c 01        		.uleb128 0x1
 330 000d 69        		.byte	0x69
 331 000e 93        		.byte	0x93
 332 000f 01        		.uleb128 0x1
 333 0010 0000 0000 		.long	.LVL2
 334 0014 0000 0000 		.long	.LFE0
 335 0018 0400      		.word	0x4
 336 001a F3        		.byte	0xf3
 337 001b 01        		.uleb128 0x1
 338 001c 68        		.byte	0x68
 339 001d 9F        		.byte	0x9f
 340 001e 0000 0000 		.long	0
 341 0022 0000 0000 		.long	0
 342               	.LLST1:
 343 0026 0000 0000 		.long	.LVL0
 344 002a 0000 0000 		.long	.LVL2
 345 002e 0600      		.word	0x6
 346 0030 66        		.byte	0x66
 347 0031 93        		.byte	0x93
 348 0032 01        		.uleb128 0x1
 349 0033 67        		.byte	0x67
 350 0034 93        		.byte	0x93
 351 0035 01        		.uleb128 0x1
 352 0036 0000 0000 		.long	.LVL2
 353 003a 0000 0000 		.long	.LFE0
 354 003e 0600      		.word	0x6
 355 0040 6A        		.byte	0x6a
 356 0041 93        		.byte	0x93
 357 0042 01        		.uleb128 0x1
 358 0043 6B        		.byte	0x6b
 359 0044 93        		.byte	0x93
 360 0045 01        		.uleb128 0x1
 361 0046 0000 0000 		.long	0
 362 004a 0000 0000 		.long	0
 363               	.LLST2:
 364 004e 0000 0000 		.long	.LVL0
 365 0052 0000 0000 		.long	.LVL2
 366 0056 0600      		.word	0x6
 367 0058 64        		.byte	0x64
 368 0059 93        		.byte	0x93
 369 005a 01        		.uleb128 0x1
 370 005b 65        		.byte	0x65
 371 005c 93        		.byte	0x93
 372 005d 01        		.uleb128 0x1
 373 005e 0000 0000 		.long	.LVL2
 374 0062 0000 0000 		.long	.LFE0
 375 0066 0400      		.word	0x4
 376 0068 F3        		.byte	0xf3
 377 0069 01        		.uleb128 0x1
 378 006a 64        		.byte	0x64
 379 006b 9F        		.byte	0x9f
GAS LISTING /tmp/cc1feOv9.s 			page 8


 380 006c 0000 0000 		.long	0
 381 0070 0000 0000 		.long	0
 382               	.LLST3:
 383 0074 0000 0000 		.long	.LVL0
 384 0078 0000 0000 		.long	.LVL2
 385 007c 0600      		.word	0x6
 386 007e 62        		.byte	0x62
 387 007f 93        		.byte	0x93
 388 0080 01        		.uleb128 0x1
 389 0081 63        		.byte	0x63
 390 0082 93        		.byte	0x93
 391 0083 01        		.uleb128 0x1
 392 0084 0000 0000 		.long	.LVL2
 393 0088 0000 0000 		.long	.LFE0
 394 008c 0400      		.word	0x4
 395 008e F3        		.byte	0xf3
 396 008f 01        		.uleb128 0x1
 397 0090 62        		.byte	0x62
 398 0091 9F        		.byte	0x9f
 399 0092 0000 0000 		.long	0
 400 0096 0000 0000 		.long	0
 401               	.LLST4:
 402 009a 0000 0000 		.long	.LVL1
 403 009e 0000 0000 		.long	.LVL2
 404 00a2 0600      		.word	0x6
 405 00a4 64        		.byte	0x64
 406 00a5 93        		.byte	0x93
 407 00a6 01        		.uleb128 0x1
 408 00a7 65        		.byte	0x65
 409 00a8 93        		.byte	0x93
 410 00a9 01        		.uleb128 0x1
 411 00aa 0000 0000 		.long	.LVL2
 412 00ae 0000 0000 		.long	.LVL3
 413 00b2 0B00      		.word	0xb
 414 00b4 F3        		.byte	0xf3
 415 00b5 01        		.uleb128 0x1
 416 00b6 62        		.byte	0x62
 417 00b7 82        		.byte	0x82
 418 00b8 00        		.sleb128 0
 419 00b9 1C        		.byte	0x1c
 420 00ba F3        		.byte	0xf3
 421 00bb 01        		.uleb128 0x1
 422 00bc 64        		.byte	0x64
 423 00bd 22        		.byte	0x22
 424 00be 9F        		.byte	0x9f
 425 00bf 0000 0000 		.long	.LVL3
 426 00c3 0000 0000 		.long	.LVL10
 427 00c7 0D00      		.word	0xd
 428 00c9 F3        		.byte	0xf3
 429 00ca 01        		.uleb128 0x1
 430 00cb 62        		.byte	0x62
 431 00cc F3        		.byte	0xf3
 432 00cd 01        		.uleb128 0x1
 433 00ce 64        		.byte	0x64
 434 00cf 22        		.byte	0x22
 435 00d0 82        		.byte	0x82
 436 00d1 00        		.sleb128 0
GAS LISTING /tmp/cc1feOv9.s 			page 9


 437 00d2 1C        		.byte	0x1c
 438 00d3 23        		.byte	0x23
 439 00d4 01        		.uleb128 0x1
 440 00d5 9F        		.byte	0x9f
 441 00d6 0000 0000 		.long	.LVL10
 442 00da 0000 0000 		.long	.LFE0
 443 00de 0B00      		.word	0xb
 444 00e0 F3        		.byte	0xf3
 445 00e1 01        		.uleb128 0x1
 446 00e2 62        		.byte	0x62
 447 00e3 82        		.byte	0x82
 448 00e4 00        		.sleb128 0
 449 00e5 1C        		.byte	0x1c
 450 00e6 F3        		.byte	0xf3
 451 00e7 01        		.uleb128 0x1
 452 00e8 64        		.byte	0x64
 453 00e9 22        		.byte	0x22
 454 00ea 9F        		.byte	0x9f
 455 00eb 0000 0000 		.long	0
 456 00ef 0000 0000 		.long	0
 457               	.LLST5:
 458 00f3 0000 0000 		.long	.LVL1
 459 00f7 0000 0000 		.long	.LVL6
 460 00fb 0600      		.word	0x6
 461 00fd 68        		.byte	0x68
 462 00fe 93        		.byte	0x93
 463 00ff 01        		.uleb128 0x1
 464 0100 69        		.byte	0x69
 465 0101 93        		.byte	0x93
 466 0102 01        		.uleb128 0x1
 467 0103 0000 0000 		.long	.LVL7
 468 0107 0000 0000 		.long	.LFE0
 469 010b 0600      		.word	0x6
 470 010d 68        		.byte	0x68
 471 010e 93        		.byte	0x93
 472 010f 01        		.uleb128 0x1
 473 0110 69        		.byte	0x69
 474 0111 93        		.byte	0x93
 475 0112 01        		.uleb128 0x1
 476 0113 0000 0000 		.long	0
 477 0117 0000 0000 		.long	0
 478               	.LLST6:
 479 011b 0000 0000 		.long	.LVL4
 480 011f 0000 0000 		.long	.LVL5
 481 0123 0200      		.word	0x2
 482 0125 38        		.byte	0x38
 483 0126 9F        		.byte	0x9f
 484 0127 0000 0000 		.long	.LVL5
 485 012b 0000 0000 		.long	.LVL8
 486 012f 0100      		.word	0x1
 487 0131 67        		.byte	0x67
 488 0132 0000 0000 		.long	.LVL8
 489 0136 0000 0000 		.long	.LVL9
 490 013a 0300      		.word	0x3
 491 013c 87        		.byte	0x87
 492 013d 7F        		.sleb128 -1
 493 013e 9F        		.byte	0x9f
GAS LISTING /tmp/cc1feOv9.s 			page 10


 494 013f 0000 0000 		.long	.LVL9
 495 0143 0000 0000 		.long	.LVL10
 496 0147 0100      		.word	0x1
 497 0149 67        		.byte	0x67
 498 014a 0000 0000 		.long	0
 499 014e 0000 0000 		.long	0
 500               		.section	.debug_aranges,"",@progbits
 501 0000 1C00 0000 		.long	0x1c
 502 0004 0200      		.word	0x2
 503 0006 0000 0000 		.long	.Ldebug_info0
 504 000a 04        		.byte	0x4
 505 000b 00        		.byte	0
 506 000c 0000      		.word	0
 507 000e 0000      		.word	0
 508 0010 0000 0000 		.long	.LFB0
 509 0014 3200 0000 		.long	.LFE0-.LFB0
 510 0018 0000 0000 		.long	0
 511 001c 0000 0000 		.long	0
 512               		.section	.debug_ranges,"",@progbits
 513               	.Ldebug_ranges0:
 514 0000 0000 0000 		.long	.LFB0
 515 0004 0000 0000 		.long	.LFE0
 516 0008 0000 0000 		.long	0
 517 000c 0000 0000 		.long	0
 518               		.section	.debug_line,"",@progbits
 519               	.Ldebug_line0:
 520 0000 6F00 0000 		.section	.debug_str,"MS",@progbits,1
 520      0200 4D00 
 520      0000 0201 
 520      FB0E 0D00 
 520      0101 0101 
 521               	.LASF14:
 522 0000 6372 6331 		.string	"crc16.c"
 522      362E 6300 
 523               	.LASF3:
 524 0008 756E 7369 		.string	"unsigned char"
 524      676E 6564 
 524      2063 6861 
 524      7200 
 525               	.LASF16:
 526 0016 6372 6331 		.string	"crc16_calc"
 526      365F 6361 
 526      6C63 00
 527               	.LASF13:
 528 0021 474E 5520 		.string	"GNU C 4.9.2 20141224 (prerelease) -mmcu=atmega328p -g -gdwarf-2 -Os -std=gnu99 -fpack-str
 528      4320 342E 
 528      392E 3220 
 528      3230 3134 
 528      3132 3234 
 529               	.LASF12:
 530 00f0 6275 6666 		.string	"buff"
 530      00
 531               	.LASF7:
 532 00f5 6C6F 6E67 		.string	"long unsigned int"
 532      2075 6E73 
 532      6967 6E65 
 532      6420 696E 
GAS LISTING /tmp/cc1feOv9.s 			page 11


 532      7400 
 533               	.LASF15:
 534 0107 2F68 6F6D 		.string	"/home/beto/github/NSTloader/src"
 534      652F 6265 
 534      746F 2F67 
 534      6974 6875 
 534      622F 4E53 
 535               	.LASF6:
 536 0127 756E 7369 		.string	"unsigned int"
 536      676E 6564 
 536      2069 6E74 
 536      00
 537               	.LASF8:
 538 0134 6C6F 6E67 		.string	"long long unsigned int"
 538      206C 6F6E 
 538      6720 756E 
 538      7369 676E 
 538      6564 2069 
 539               	.LASF4:
 540 014b 7569 6E74 		.string	"uint8_t"
 540      385F 7400 
 541               	.LASF2:
 542 0153 6C6F 6E67 		.string	"long long int"
 542      206C 6F6E 
 542      6720 696E 
 542      7400 
 543               	.LASF10:
 544 0161 6D61 736B 		.string	"mask"
 544      00
 545               	.LASF5:
 546 0166 7569 6E74 		.string	"uint16_t"
 546      3136 5F74 
 546      00
 547               	.LASF9:
 548 016f 696E 6974 		.string	"initvalue"
 548      7661 6C75 
 548      6500 
 549               	.LASF1:
 550 0179 6C6F 6E67 		.string	"long int"
 550      2069 6E74 
 550      00
 551               	.LASF0:
 552 0182 7369 676E 		.string	"signed char"
 552      6564 2063 
 552      6861 7200 
 553               	.LASF11:
 554 018e 6C65 6E67 		.string	"length"
 554      7468 00
 555               		.ident	"GCC: (GNU) 4.9.2 20141224 (prerelease)"
GAS LISTING /tmp/cc1feOv9.s 			page 12


DEFINED SYMBOLS
                            *ABS*:0000000000000000 crc16.c
     /tmp/cc1feOv9.s:2      *ABS*:000000000000003e __SP_H__
     /tmp/cc1feOv9.s:3      *ABS*:000000000000003d __SP_L__
     /tmp/cc1feOv9.s:4      *ABS*:000000000000003f __SREG__
     /tmp/cc1feOv9.s:5      *ABS*:0000000000000000 __tmp_reg__
     /tmp/cc1feOv9.s:6      *ABS*:0000000000000001 __zero_reg__
     /tmp/cc1feOv9.s:13     .text.crc16_calc:0000000000000000 crc16_calc

NO UNDEFINED SYMBOLS
